2023-12-26 11:53:44 [INFO]: /v1/roles
2023-12-26 12:53:40 [INFO]: /v1/faqs
2023-12-26 12:54:27 [INFO]: /v1/migrate_faq_categories
2023-12-26 12:58:41 [INFO]: /v1/migrate_faq_categories
2023-12-26 12:59:41 [INFO]: /v1/get_faq_categories
2023-12-26 13:05:51 [INFO]: /v1/migrate_faqs
2023-12-26 13:06:00 [INFO]: /v1/get_faq_categories
2023-12-26 13:06:02 [INFO]: /v1/get_faq_categories
2023-12-26 13:06:26 [INFO]: /v1/get_faq_categories
2023-12-26 13:06:57 [INFO]: /v1/get_faq_categories
2023-12-26 13:07:00 [INFO]: /v1/migrate_faq_categories
2023-12-26 13:22:15 [INFO]: /v1/migrate_faqs
2023-12-26 13:22:27 [INFO]: /v1/get_faq_categories
2023-12-26 13:22:56 [INFO]: /v1/migrate_faqs
2023-12-26 13:23:12 [INFO]: /v1/migrate_faqs
2023-12-26 13:23:26 [INFO]: /v1/migrate_faqs
2023-12-26 13:23:28 [INFO]: /v1/get_faq_categories
2023-12-26 13:29:13 [INFO]: /v1/admin
2023-12-26 13:30:25 [INFO]: /v1/admin
2023-12-26 13:30:54 [INFO]: /v1/admin
2023-12-26 13:30:54 [ERROR]: Admin validation failed: roleId: Path `roleId` is required.
2023-12-26 13:32:21 [INFO]: /v1/admin
2023-12-26 13:32:22 [ERROR]: Admin validation failed: roleId: Path `roleId` is required.
2023-12-26 13:32:34 [INFO]: /v1/admin
2023-12-26 13:32:34 [ERROR]: Admin validation failed: roleId: Path `roleId` is required.
2023-12-26 13:33:15 [INFO]: /v1/admin
2023-12-26 13:33:15 [ERROR]: Admin validation failed: roleId: Path `roleId` is required.
2023-12-26 13:34:37 [INFO]: /v1/admin
2023-12-26 13:35:40 [INFO]: /v1/admin
2023-12-26 13:35:40 [ERROR]: email all ready registered, please create an account with another email address
2023-12-26 13:35:48 [INFO]: /v1/admin
2023-12-26 17:26:20 [INFO]: /v1/admin/login
2023-12-26 17:26:20 [ERROR]: user is not defined
2023-12-26 17:27:30 [INFO]: /v1/admin/login
2023-12-26 17:27:34 [INFO]: /v1/admin/login
2023-12-26 17:27:34 [ERROR]: secretOrPrivateKey must have a value
2023-12-26 17:28:54 [INFO]: /v1/admin/login
2023-12-26 17:28:54 [ERROR]: secretOrPrivateKey must have a value
2023-12-26 17:29:12 [INFO]: /v1/admin/login
2023-12-26 17:29:12 [ERROR]: secretOrPrivateKey must have a value
2023-12-26 17:29:23 [INFO]: /v1/admin/login
2023-12-26 17:29:23 [ERROR]: secretOrPrivateKey must have a value
2023-12-26 17:31:26 [INFO]: /v1/admin/login
2023-12-26 17:31:26 [ERROR]: secretOrPrivateKey must have a value
2023-12-26 17:32:43 [INFO]: /v1/admin/login
2023-12-26 18:13:13 [INFO]: /v1/user
2023-12-26 18:15:00 [INFO]: /v1/user
2023-12-26 18:16:49 [INFO]: /v1/user/resend/otp
2023-12-26 18:16:49 [ERROR]: Cannot read properties of undefined (reading 'otpToken')
2023-12-26 18:17:53 [INFO]: /v1/user/resend/otp
2023-12-26 18:17:53 [ERROR]: Cannot read properties of undefined (reading 'otpToken')
2023-12-26 18:18:18 [INFO]: /v1/user/resend/otp
2023-12-26 18:18:18 [ERROR]: Cannot read properties of undefined (reading 'otpToken')
2023-12-26 18:18:53 [INFO]: /v1/user/resend/otp
2023-12-26 18:18:53 [ERROR]: Cannot read properties of undefined (reading 'otpToken')
2023-12-26 18:19:09 [INFO]: /v1/user/resend/otp
2023-12-26 18:19:09 [ERROR]: Cannot read properties of undefined (reading 'otpToken')
2023-12-26 18:19:22 [INFO]: /v1/user/resend/otp
2023-12-26 18:19:22 [ERROR]: Cannot read properties of undefined (reading 'otpToken')
2023-12-26 18:21:53 [INFO]: /v1/user/resend/otp
2023-12-26 18:21:53 [ERROR]: req is not defined
2023-12-26 18:22:44 [INFO]: /v1/user/resend/otp
2023-12-26 18:22:44 [ERROR]: Forbidden: Invalid token
2023-12-26 18:23:02 [INFO]: /v1/user/resend/otp
2023-12-26 18:23:45 [INFO]: /v1/user/resend/otp
2023-12-26 18:23:55 [INFO]: /v1/user/resend/otp
2023-12-26 18:24:10 [INFO]: /v1/user/resend/otp
2023-12-26 18:25:00 [INFO]: /v1/user/resend/otp
2023-12-26 18:25:00 [ERROR]: Forbidden: Invalid token
2023-12-26 18:25:35 [INFO]: /v1/user/resend/otp
2023-12-26 18:25:35 [ERROR]: Forbidden: Invalid token
2023-12-26 18:26:06 [INFO]: /v1/user/resend/otp
2023-12-26 18:26:06 [ERROR]: Forbidden: Invalid token
2023-12-26 18:26:16 [INFO]: /v1/user
2023-12-26 18:26:27 [INFO]: /v1/user/resend/otp
2023-12-26 18:29:40 [INFO]: /v1/user/verify/otp
2023-12-26 18:29:40 [ERROR]: User validation failed: pin: Path `pin` is required.
2023-12-26 18:30:03 [INFO]: /v1/user/verify/otp
2023-12-26 18:32:57 [INFO]: /v1/user/set/pin
2023-12-26 18:33:09 [INFO]: /v1/user/set/pin
2023-12-26 19:05:50 [INFO]: /v1/user/forgot/password
2023-12-26 19:06:10 [INFO]: /v1/user/forgot/password
2023-12-26 19:06:14 [INFO]: /v1/user/forgot/password
2023-12-26 19:06:56 [INFO]: /v1/user/forgot/password/resend_otp
2023-12-26 19:07:10 [INFO]: /v1/user/forgot/password/resend_otp
2023-12-26 19:07:10 [ERROR]: Cannot set properties of null (setting 'otp')
2023-12-26 19:07:56 [INFO]: /v1/user/forgot/password/resend_otp
2023-12-26 19:07:56 [ERROR]: Cannot set properties of null (setting 'otp')
2023-12-26 19:13:27 [INFO]: /v1/user/forgot/password
2023-12-26 19:14:11 [INFO]: /v1/user/forgot/password/resend_otp
2023-12-26 19:14:11 [ERROR]: Cast to ObjectId failed for value "userId" (type string) at path "_id" for model "User"
2023-12-26 19:14:46 [INFO]: /v1/user/forgot/password/resend_otp
2023-12-26 19:16:45 [INFO]: /v1/user/forgot/password/verify/otp
2023-12-26 19:18:26 [INFO]: /v1/user/forgot/password/create/password
2023-12-26 19:18:26 [ERROR]: userData is not defined
2023-12-26 19:18:57 [INFO]: /v1/user/forgot/password/create/password
2023-12-26 19:22:44 [INFO]: /v1/user/login
2023-12-26 19:22:54 [INFO]: /v1/user/login
2023-12-26 19:23:02 [INFO]: /v1/user/login
2023-12-29 06:50:14 [INFO]: /v1/kyc
2023-12-29 06:53:17 [INFO]: /v1/kyc
2023-12-29 06:55:13 [INFO]: /v1/kyc
2023-12-29 06:55:35 [INFO]: /v1/kyc
2023-12-29 06:56:05 [INFO]: /v1/kyc
2023-12-29 06:56:11 [INFO]: /v1/kyc
2023-12-29 06:56:44 [INFO]: /v1/kyc
2023-12-29 06:57:22 [INFO]: /v1/kyc
2023-12-29 06:59:57 [INFO]: /v1/kyc
2023-12-29 07:05:25 [INFO]: /v1/kyc
2023-12-29 07:12:56 [INFO]: /v1/kyc
2023-12-29 07:15:12 [INFO]: /v1/kyc
2023-12-29 07:15:23 [INFO]: /v1/kyc
2023-12-29 07:15:23 [ERROR]: undefined is not iterable (cannot read property Symbol(Symbol.iterator))
2023-12-29 07:15:53 [INFO]: /v1/kyc
2023-12-29 07:15:53 [ERROR]: undefined is not iterable (cannot read property Symbol(Symbol.iterator))
2023-12-29 07:21:21 [INFO]: /v1/kyc
2023-12-29 07:24:37 [INFO]: /v1/kyc
2023-12-29 07:25:23 [INFO]: /v1/kyc
2023-12-29 07:25:54 [INFO]: /v1/kyc
2023-12-29 07:26:30 [INFO]: /v1/kyc
2023-12-29 07:26:47 [INFO]: /v1/kyc
2023-12-29 07:30:41 [INFO]: /v1/user/login
2023-12-29 07:31:02 [INFO]: /v1/kyc
2023-12-29 07:36:00 [INFO]: /v1/kyc/658b0d9c6a33b638031ba02a
2023-12-29 07:36:16 [INFO]: /v1/kycs
2023-12-29 07:37:58 [INFO]: /v1/kyc/approve/:userId
2023-12-29 07:37:58 [ERROR]: kyc.save is not a function
2023-12-29 07:38:24 [INFO]: /v1/kyc/approve/:userId
2023-12-29 07:38:24 [ERROR]: Cast to ObjectId failed for value ":userId" (type string) at path "userId" for model "KYC"
2023-12-29 07:38:35 [INFO]: /v1/kyc/approve/658b0d9c6a33b638031ba02a
2023-12-29 07:39:01 [INFO]: /v1/kyc/approve/658b0d9c6a33b638031ba02a
2023-12-29 07:39:32 [INFO]: /v1/kyc/approve/658b0d9c6a33b638031ba02a
2023-12-29 07:40:01 [INFO]: /v1/kyc/approve/658b0d9c6a33b638031ba02a
2023-12-29 07:40:39 [INFO]: /v1/kyc/decline/:userId
2023-12-29 07:40:39 [ERROR]: Cast to ObjectId failed for value ":userId" (type string) at path "userId" for model "KYC"
2023-12-29 07:40:55 [INFO]: /v1/kyc/decline/658b0d9c6a33b638031ba02a
2023-12-29 07:41:21 [INFO]: /v1/kyc/decline/658b0d9c6a33b638031ba02a
2023-12-30 17:36:20 [INFO]: /v1/user/login
2023-12-30 17:37:25 [INFO]: /v1/errands
2023-12-30 17:41:48 [INFO]: /v1/my/errands
2023-12-30 17:42:02 [INFO]: /v1/my/errands
2023-12-30 17:42:24 [INFO]: /v1/my/requests
2023-12-30 17:43:33 [INFO]: /v1/errand
2023-12-30 17:44:08 [INFO]: /v1/errand
2023-12-30 17:45:24 [INFO]: /v1/errand
2023-12-30 17:46:36 [INFO]: /v1/errand
2023-12-30 17:46:36 [ERROR]: Errand validation failed: pickUpAddress: Path `pickUpAddress` is required., user: Path `user` is required.
2023-12-30 17:47:46 [INFO]: /v1/errand
2023-12-30 17:47:54 [INFO]: /v1/errand
2023-12-30 17:49:21 [INFO]: /v1/errands
2023-12-30 17:49:21 [ERROR]: Cannot populate path `errand` because it is not in your schema. Set the `strictPopulate` option to false to override.
2023-12-30 17:49:50 [INFO]: /v1/errands
2023-12-30 17:49:56 [INFO]: /v1/my/errands
2023-12-30 17:50:20 [INFO]: /v1/my/requests
2023-12-30 17:50:52 [INFO]: /v1/my/requests
2023-12-30 17:53:01 [INFO]: /v1/errand
2023-12-30 17:53:18 [INFO]: /v1/errand/bid
2023-12-30 17:53:28 [INFO]: /v1/errand/bid
2023-12-30 17:54:08 [INFO]: /v1/errand/659049baee8c08fbf3968333/bids
2023-12-30 17:54:17 [INFO]: /v1/errand/659049baee8c08fbf3968333/messages
2023-12-30 17:54:51 [INFO]: /v1/errand/659049baee8c08fbf3968333/bids
2023-12-30 17:58:21 [INFO]: /v1/errand/659049baee8c08fbf3968333/bids
2023-12-30 17:58:25 [INFO]: /v1/errand/accept
2023-12-30 17:58:25 [ERROR]: acceptedUserId is not defined
2023-12-30 17:58:59 [INFO]: /v1/errand/accept
2023-12-30 17:59:08 [INFO]: /v1/my/errands
2023-12-30 18:00:51 [INFO]: /v1/errands
2023-12-30 18:00:59 [INFO]: /v1/errand/create/chat
2023-12-30 18:00:59 [ERROR]: User is not defined
2023-12-30 18:01:21 [INFO]: /v1/errand/create/chat
2023-12-30 18:03:47 [INFO]: /v1/errand/create/chat
2023-12-30 18:05:29 [INFO]: /v1/errand/message/send
2023-12-30 18:05:29 [ERROR]: Cannot access 'message' before initialization
2023-12-30 18:06:03 [INFO]: /v1/errand/message/send
2023-12-30 18:06:14 [INFO]: /v1/errand/659049baee8c08fbf3968333/messages
2023-12-30 18:09:47 [INFO]: /v1/errand/659049baee8c08fbf3968333/messages
2023-12-30 18:10:32 [INFO]: /v1/errand/659049baee8c08fbf3968333/messages
2023-12-30 18:10:54 [INFO]: /v1/errand/create/chat
2023-12-30 18:10:54 [ERROR]: ErrandChat validation failed: errand: Path `errand` is required.
2023-12-30 18:12:14 [INFO]: /v1/my/requests
2023-12-30 18:12:27 [INFO]: /v1/errand/create/chat
2023-12-30 18:12:35 [INFO]: /v1/errand/659049baee8c08fbf3968333/messages
2023-12-30 18:12:54 [INFO]: /v1/errand/659049baee8c08fbf3968333/messages
2023-12-30 18:13:20 [INFO]: /v1/errand/message/send
2023-12-30 18:13:23 [INFO]: /v1/errand/659049baee8c08fbf3968333/messages
2023-12-30 18:16:57 [INFO]: /v1/my/requests
2023-12-30 18:17:16 [INFO]: /v1/errand/end/session/659049baee8c08fbf3968333
2023-12-30 18:17:16 [ERROR]: Cannot set properties of null (setting 'isCompleted')
2023-12-30 18:19:12 [INFO]: /v1/errand/end/session/659049baee8c08fbf3968333
2023-12-30 18:19:12 [ERROR]: Cannot set properties of null (setting 'isCompleted')
2023-12-30 18:19:36 [INFO]: /v1/errand/end/session/659049baee8c08fbf3968333
2023-12-30 18:21:02 [INFO]: /v1/errand/review
2023-12-30 18:21:50 [INFO]: /v1/errand/review
2023-12-30 18:22:10 [INFO]: /v1/errand/review
2023-12-30 18:28:12 [INFO]: /v1/errands
2023-12-30 18:28:28 [INFO]: /v1/errand/659049baee8c08fbf3968333
2023-12-30 18:28:47 [INFO]: /v1/errand/fund
2023-12-30 18:28:54 [INFO]: /v1/errand/fund
2023-12-30 18:28:54 [ERROR]: Cannot read properties of null (reading 'balance')
2023-12-30 18:30:04 [INFO]: /v1/errands
2023-12-30 18:30:13 [INFO]: /v1/errand/659049baee8c08fbf3968333/delete
2023-12-30 18:30:46 [INFO]: /v1/errand/request/659049baee8c08fbf3968333/delete
2023-12-30 18:30:56 [INFO]: /v1/my/errands
2023-12-30 18:31:05 [INFO]: /v1/my/requests
2023-12-30 18:31:13 [INFO]: /v1/errands
