2023-12-26 13:30:54 [ERROR]: Admin validation failed: roleId: Path `roleId` is required.
2023-12-26 13:32:22 [ERROR]: Admin validation failed: roleId: Path `roleId` is required.
2023-12-26 13:32:34 [ERROR]: Admin validation failed: roleId: Path `roleId` is required.
2023-12-26 13:33:15 [ERROR]: Admin validation failed: roleId: Path `roleId` is required.
2023-12-26 13:35:40 [ERROR]: email all ready registered, please create an account with another email address
2023-12-26 17:26:20 [ERROR]: user is not defined
2023-12-26 17:27:34 [ERROR]: secretOrPrivateKey must have a value
2023-12-26 17:28:54 [ERROR]: secretOrPrivateKey must have a value
2023-12-26 17:29:12 [ERROR]: secretOrPrivateKey must have a value
2023-12-26 17:29:23 [ERROR]: secretOrPrivateKey must have a value
2023-12-26 17:31:26 [ERROR]: secretOrPrivateKey must have a value
2023-12-26 18:16:49 [ERROR]: Cannot read properties of undefined (reading 'otpToken')
2023-12-26 18:17:53 [ERROR]: Cannot read properties of undefined (reading 'otpToken')
2023-12-26 18:18:18 [ERROR]: Cannot read properties of undefined (reading 'otpToken')
2023-12-26 18:18:53 [ERROR]: Cannot read properties of undefined (reading 'otpToken')
2023-12-26 18:19:09 [ERROR]: Cannot read properties of undefined (reading 'otpToken')
2023-12-26 18:19:22 [ERROR]: Cannot read properties of undefined (reading 'otpToken')
2023-12-26 18:21:53 [ERROR]: req is not defined
2023-12-26 18:22:44 [ERROR]: Forbidden: Invalid token
2023-12-26 18:25:00 [ERROR]: Forbidden: Invalid token
2023-12-26 18:25:35 [ERROR]: Forbidden: Invalid token
2023-12-26 18:26:06 [ERROR]: Forbidden: Invalid token
2023-12-26 18:29:40 [ERROR]: User validation failed: pin: Path `pin` is required.
2023-12-26 19:07:10 [ERROR]: Cannot set properties of null (setting 'otp')
2023-12-26 19:07:56 [ERROR]: Cannot set properties of null (setting 'otp')
2023-12-26 19:14:11 [ERROR]: Cast to ObjectId failed for value "userId" (type string) at path "_id" for model "User"
2023-12-26 19:18:26 [ERROR]: userData is not defined
2023-12-29 07:15:23 [ERROR]: undefined is not iterable (cannot read property Symbol(Symbol.iterator))
2023-12-29 07:15:53 [ERROR]: undefined is not iterable (cannot read property Symbol(Symbol.iterator))
2023-12-29 07:37:58 [ERROR]: kyc.save is not a function
2023-12-29 07:38:24 [ERROR]: Cast to ObjectId failed for value ":userId" (type string) at path "userId" for model "KYC"
2023-12-29 07:40:39 [ERROR]: Cast to ObjectId failed for value ":userId" (type string) at path "userId" for model "KYC"
